\BOOKMARK [1][-]{section.1}{\376\377\000I\000n\000t\000r\000o\000d\000u\000c\000t\000i\000o\000n}{}% 1
\BOOKMARK [2][-]{subsection.1.1}{\376\377\000F\000i\000s\000h\000\040\000a\000s\000\040\000a\000\040\000c\000o\000m\000m\000o\000d\000i\000t\000y}{section.1}% 2
\BOOKMARK [2][-]{subsection.1.2}{\376\377\000W\000h\000y\000\040\000s\000a\000l\000m\000o\000n\000?}{section.1}% 3
\BOOKMARK [2][-]{subsection.1.3}{\376\377\000F\000i\000s\000h\000\040\000f\000a\000r\000m\000i\000n\000g}{section.1}% 4
\BOOKMARK [2][-]{subsection.1.4}{\376\377\000I\000s\000\040\000t\000h\000i\000s\000\040\000r\000e\000l\000e\000v\000a\000n\000t\000\040\000f\000r\000o\000m\000\040\000a\000\040\000b\000u\000s\000i\000n\000e\000s\000s\000\040\000a\000n\000a\000l\000y\000t\000i\000c\000s\000\040\000s\000t\000a\000n\000d\000p\000o\000i\000n\000t\000?}{section.1}% 5
\BOOKMARK [2][-]{subsection.1.5}{\376\377\000H\000v\000a\000\040\000\370\000n\000s\000k\000e\000r\000\040\000v\000i\000\040\000\345\000\040\000o\000p\000p\000n\000\345\000\040\000m\000e\000d\000\040\000t\000h\000e\000s\000i\000s\000e\000n\000?}{section.1}% 6
\BOOKMARK [1][-]{section.2}{\376\377\000T\000h\000e\000o\000r\000y\000\040\000a\000n\000d\000\040\000l\000i\000t\000e\000r\000a\000t\000u\000r\000e}{}% 7
\BOOKMARK [2][-]{subsection.2.1}{\376\377\000A\000R\000I\000M\000A\000\040\040\024\000\040\000S\000A\000R\000I\000M\000A\000X}{section.2}% 8
\BOOKMARK [3][-]{subsubsection.2.1.1}{\376\377\000S\000e\000a\000s\000o\000n\000a\000l\000i\000t\000y}{subsection.2.1}% 9
\BOOKMARK [3][-]{subsubsection.2.1.2}{\376\377\000A\000u\000t\000o\000\040\000R\000e\000g\000r\000e\000s\000s\000i\000v\000e\000\040\000\050\000A\000R\000\051}{subsection.2.1}% 10
\BOOKMARK [3][-]{subsubsection.2.1.3}{\376\377\000I\000n\000t\000e\000g\000r\000a\000t\000e\000d\000\040\000\050\000I\000\051}{subsection.2.1}% 11
\BOOKMARK [3][-]{subsubsection.2.1.4}{\376\377\000M\000o\000v\000i\000n\000g\000\040\000A\000v\000e\000r\000a\000g\000e\000\040\000\050\000M\000A\000\051}{subsection.2.1}% 12
\BOOKMARK [2][-]{subsection.2.2}{\376\377\000E\000x\000p\000l\000o\000r\000a\000t\000o\000r\000y\000\040\000a\000n\000a\000l\000y\000s\000i\000s}{section.2}% 13
\BOOKMARK [2][-]{subsection.2.3}{\376\377\000R\000e\000g\000r\000e\000s\000s\000i\000o\000n}{section.2}% 14
\BOOKMARK [1][-]{section.3}{\376\377\000M\000e\000t\000h\000o\000d\000o\000l\000o\000g\000y}{}% 15
\BOOKMARK [2][-]{subsection.3.1}{\376\377\000D\000a\000t\000a\000\040\000g\000a\000t\000h\000e\000r\000i\000n\000g}{section.3}% 16
\BOOKMARK [2][-]{subsection.3.2}{\376\377\000E\000x\000p\000l\000o\000r\000a\000t\000o\000r\000y\000\040\000a\000n\000a\000l\000y\000s\000i\000s}{section.3}% 17
\BOOKMARK [2][-]{subsection.3.3}{\376\377\000A\000R\000I\000M\000A\000\040\000a\000n\000d\000\040\000S\000A\000R\000I\000M\000A\000X}{section.3}% 18
\BOOKMARK [2][-]{subsection.3.4}{\376\377\000L\000S\000T\000M\000\040\040\024\000\040\000T\000e\000n\000s\000o\000r\000f\000l\000o\000w}{section.3}% 19
\BOOKMARK [1][-]{section.4}{\376\377\000R\000e\000s\000u\000l\000t\000s\000\040\000a\000n\000d\000\040\000d\000i\000s\000c\000u\000s\000s\000i\000o\000n}{}% 20
\BOOKMARK [1][-]{section.5}{\376\377\000C\000o\000n\000c\000l\000u\000s\000i\000o\000n}{}% 21
\BOOKMARK [1][-]{section*.1}{\376\377\000W\000o\000r\000k\000s\000\040\000C\000i\000t\000e\000d}{}% 22
